Starting job 7518340 on c3-29 on saga at Thu Feb 2 13:36:21 CET 2023

Log file: ../../final_demo_data/hap1_cell/out_data/DMR_CpG_context/chr3/chr3_maxlength_1000_miniSize_5_myapp.log_0
111742
['chr3']
125408
['chr3']
127455
['chr3']
112588
['chr3']
Export  159310  lines of data at chr3_tmp_out_pd.csv
[    44    100    500   1000   5000  10000  50000 100000 284316]
Log file: ../../final_demo_data/hap1_cell/out_data/DMR_CpG_context/chr3/chr3_maxlength_1000_miniSize_5_myapp.log_15
Log file: ../../final_demo_data/hap1_cell/out_data/DMR_CpG_context/chr3/chr3_maxlength_1000_miniSize_5_myapp.log_1
Log file: ../../final_demo_data/hap1_cell/out_data/DMR_CpG_context/chr3/chr3_maxlength_1000_miniSize_5_myapp.log_12
Log file: ../../final_demo_data/hap1_cell/out_data/DMR_CpG_context/chr3/chr3_maxlength_1000_miniSize_5_myapp.log_7
Log file: ../../final_demo_data/hap1_cell/out_data/DMR_CpG_context/chr3/chr3_maxlength_1000_miniSize_5_myapp.log_13
Log file: ../../final_demo_data/hap1_cell/out_data/DMR_CpG_context/chr3/chr3_maxlength_1000_miniSize_5_myapp.log_4
Log file: ../../final_demo_data/hap1_cell/out_data/DMR_CpG_context/chr3/chr3_maxlength_1000_miniSize_5_myapp.log_6
Log file: ../../final_demo_data/hap1_cell/out_data/DMR_CpG_context/chr3/chr3_maxlength_1000_miniSize_5_myapp.log_5
Log file: ../../final_demo_data/hap1_cell/out_data/DMR_CpG_context/chr3/chr3_maxlength_1000_miniSize_5_myapp.log_10
Log file: ../../final_demo_data/hap1_cell/out_data/DMR_CpG_context/chr3/chr3_maxlength_1000_miniSize_5_myapp.log_9
Log file: ../../final_demo_data/hap1_cell/out_data/DMR_CpG_context/chr3/chr3_maxlength_1000_miniSize_5_myapp.log_2
Log file: ../../final_demo_data/hap1_cell/out_data/DMR_CpG_context/chr3/chr3_maxlength_1000_miniSize_5_myapp.log_3
Log file: ../../final_demo_data/hap1_cell/out_data/DMR_CpG_context/chr3/chr3_maxlength_1000_miniSize_5_myapp.log_11
Log file: ../../final_demo_data/hap1_cell/out_data/DMR_CpG_context/chr3/chr3_maxlength_1000_miniSize_5_myapp.log_8
Log file: ../../final_demo_data/hap1_cell/out_data/DMR_CpG_context/chr3/chr3_maxlength_1000_miniSize_5_myapp.log_14
Log file: ../../final_demo_data/hap1_cell/out_data/DMR_CpG_context/chr9/chr9_maxlength_1000_miniSize_5_myapp.log_0
8069
['chr9']
5764
['chr9']
7124
['chr9']
8033
['chr9']
Export  11489  lines of data at chr9_tmp_out_pd.csv
[   65   100   500  1000  5000 10000 33374]
Log file: ../../final_demo_data/hap1_cell/out_data/DMR_CpG_context/chr9/chr9_maxlength_1000_miniSize_5_myapp.log_15
Log file: ../../final_demo_data/hap1_cell/out_data/DMR_CpG_context/chr9/chr9_maxlength_1000_miniSize_5_myapp.log_8
Log file: ../../final_demo_data/hap1_cell/out_data/DMR_CpG_context/chr9/chr9_maxlength_1000_miniSize_5_myapp.log_1
Log file: ../../final_demo_data/hap1_cell/out_data/DMR_CpG_context/chr9/chr9_maxlength_1000_miniSize_5_myapp.log_4
Log file: ../../final_demo_data/hap1_cell/out_data/DMR_CpG_context/chr9/chr9_maxlength_1000_miniSize_5_myapp.log_7
Log file: ../../final_demo_data/hap1_cell/out_data/DMR_CpG_context/chr9/chr9_maxlength_1000_miniSize_5_myapp.log_5
Log file: ../../final_demo_data/hap1_cell/out_data/DMR_CpG_context/chr9/chr9_maxlength_1000_miniSize_5_myapp.log_2
Log file: ../../final_demo_data/hap1_cell/out_data/DMR_CpG_context/chr9/chr9_maxlength_1000_miniSize_5_myapp.log_3
Log file: ../../final_demo_data/hap1_cell/out_data/DMR_CpG_context/chr9/chr9_maxlength_1000_miniSize_5_myapp.log_11
Log file: ../../final_demo_data/hap1_cell/out_data/DMR_CpG_context/chr9/chr9_maxlength_1000_miniSize_5_myapp.log_10
Log file: ../../final_demo_data/hap1_cell/out_data/DMR_CpG_context/chr9/chr9_maxlength_1000_miniSize_5_myapp.log_13
Log file: ../../final_demo_data/hap1_cell/out_data/DMR_CpG_context/chr9/chr9_maxlength_1000_miniSize_5_myapp.log_12
Log file: ../../final_demo_data/hap1_cell/out_data/DMR_CpG_context/chr9/chr9_maxlength_1000_miniSize_5_myapp.log_9
Log file: ../../final_demo_data/hap1_cell/out_data/DMR_CpG_context/chr9/chr9_maxlength_1000_miniSize_5_myapp.log_14
Log file: ../../final_demo_data/hap1_cell/out_data/DMR_CpG_context/chr13/chr13_maxlength_1000_miniSize_5_myapp.log_0
9032
['chr13']
7976
['chr13']
8211
['chr13']
7595
['chr13']
Export  10715  lines of data at chr13_tmp_out_pd.csv
[   100    500    562   1000   5000  10000  50000 100000 206790]
Log file: ../../final_demo_data/hap1_cell/out_data/DMR_CpG_context/chr13/chr13_maxlength_1000_miniSize_5_myapp.log_8
Log file: ../../final_demo_data/hap1_cell/out_data/DMR_CpG_context/chr13/chr13_maxlength_1000_miniSize_5_myapp.log_1
Log file: ../../final_demo_data/hap1_cell/out_data/DMR_CpG_context/chr13/chr13_maxlength_1000_miniSize_5_myapp.log_7
Log file: ../../final_demo_data/hap1_cell/out_data/DMR_CpG_context/chr13/chr13_maxlength_1000_miniSize_5_myapp.log_9
Log file: ../../final_demo_data/hap1_cell/out_data/DMR_CpG_context/chr13/chr13_maxlength_1000_miniSize_5_myapp.log_10
Log file: ../../final_demo_data/hap1_cell/out_data/DMR_CpG_context/chr13/chr13_maxlength_1000_miniSize_5_myapp.log_6
Log file: ../../final_demo_data/hap1_cell/out_data/DMR_CpG_context/chr13/chr13_maxlength_1000_miniSize_5_myapp.log_3
Log file: ../../final_demo_data/hap1_cell/out_data/DMR_CpG_context/chr13/chr13_maxlength_1000_miniSize_5_myapp.log_5
dmr_analysis_block - Done
input Chromosomes:  ('chr3', 'chr9', 'chr13')
input File folders:  ../../final_demo_data/hap1_cell/out_data/DMR_CpG_context plots
search File strings:  *_all_mr_data_range.tsv
3 chromes 3 *_all_mr_data_range.tsv files find in ../../final_demo_data/hap1_cell/out_data/DMR_CpG_context
DMR class 
[0 1]
beta coefficient for DMR features :
 gcb_vs_grpsDist, tumor_vs_grpsDist, %_passed_ttest, cluster_accuracy, high_(t-g)%, median_(t-g)%
[[ 1.71505294  1.71505294  6.43064212 -3.18098116  2.18781016  3.7475124 ]]
interceptic of Logistic Regression model 
[-3.18098116]
Prediction accuracy:
0.9395807644882861
Confusion matrix:
[[182  34]
 [ 15 580]]
Cluster accuracy range : 0.0 1.1
D
logReg_proba_0.7
Number of selected DMR,  Recovered number of DMR,  Total number of DMR,  Percentage of recovered DMR
(575,) (575,) (595,) 0.9663865546218487
(575, 27)
Selected mini-logReg-score and logReg probability
0.8578753077389432 [0.8578753077389432, 0.7022165541807586]
0.9663865546218487
(576, 27)
Export data: ../../final_demo_data/hap1_cell/out_data/DMR_CpG_context/chr3/plots/chr3_all_mr_data_range_dmrRanking.tsv
Export parameter: ../../final_demo_data/hap1_cell/out_data/DMR_CpG_context/chr3/plots/chr3_all_mr_data_range_dmrRanking_parameters.tsv
(215, 27)
Export data: ../../final_demo_data/hap1_cell/out_data/DMR_CpG_context/chr9/plots/chr9_all_mr_data_range_dmrRanking.tsv
Export parameter: ../../final_demo_data/hap1_cell/out_data/DMR_CpG_context/chr9/plots/chr9_all_mr_data_range_dmrRanking_parameters.tsv
(20, 27)
Export data: ../../final_demo_data/hap1_cell/out_data/DMR_CpG_context/chr13/plots/chr13_all_mr_data_range_dmrRanking.tsv
Export parameter: ../../final_demo_data/hap1_cell/out_data/DMR_CpG_context/chr13/plots/chr13_all_mr_data_range_dmrRanking_parameters.tsv
Export selected column data of combined chromosomes at : ../../final_demo_data/hap1_cell/out_data/DMR_CpG_context/3_chroms_all_mr_data_range_dmrRanking.bed
Export parameters of combined chromosomes at : ../../final_demo_data/hap1_cell/out_data/DMR_CpG_context/3_chroms_all_mr_data_range_dmrRanking_parameter.bed
(811, 5)
dmr_combine_multChrs4rank - Done
../../final_demo_data/hap1_cell/out_data/DMR_CpG_context/chr3/plots/chr3_all_mr_data_range_dmrRanking.tsv
../../final_demo_data/hap1_cell/out_data/DMR_CpG_context/chr3/chr3_MR_data4maxBlockDistance_1000_minBlockSize_5_data.txt.gz
../../final_demo_data/hap1_cell/out_data/DMR_CpG_context/chr3/plots/chr3_1_mr_parameters.tsv
chr3_maxDist_1000_minSize_5_DMR_clusterAccuracy_gt_0.5_miniMethyChange_gt_0.05_0.1_0.2_high_miniPercentChange_gt_0.0001_Pcutoff_0.05_isSmooth_2_isModTest_0_576_1
Log file: ../../final_demo_data/hap1_cell/out_data/DMR_CpG_context/out_selected4plot/chr3/chr3_maxlength_1000_miniSize_5_myapp.log_0
Create:  ../../final_demo_data/hap1_cell/out_data/DMR_CpG_context/out_selected4plot/chr3/data
1
2
3
plot selected MR - Done
./demo2_hap1_cell.sh: line 99: out_result_folder: command not found
../../final_demo_data/hap1_cell/out_data/DMR_CpG_context/chr3/plots/chr3_all_mr_data.tsv
../../final_demo_data/hap1_cell/out_data/DMR_CpG_context/chr3/chr3_MR_data4maxBlockDistance_1000_minBlockSize_5_data.txt.gz
../../final_demo_data/hap1_cell/out_data/DMR_CpG_context/chr3/plots/chr3_1_mr_parameters.tsv
chr3_maxDist_1000_minSize_5_DMR_clusterAccuracy_gt_0.5_miniMethyChange_gt_0.05_0.1_0.2_high_miniPercentChange_gt_0.0001_Pcutoff_0.05_isSmooth_2_isModTest_0_576_1
Traceback (most recent call last):
  File "/cluster/home/junbaiw/nn4605k/junbaiw/miniconda3/envs/testapp/bin/dmr_analysis", line 33, in <module>
../../final_demo_data/hap1_cell/out_data/DMR_CpG_context/chr3/plots/chr3_all_mr_data.tsv
../../final_demo_data/hap1_cell/out_data/DMR_CpG_context/chr3/chr3_MR_data4maxBlockDistance_1000_minBlockSize_5_data.txt.gz
../../final_demo_data/hap1_cell/out_data/DMR_CpG_context/chr3/plots/chr3_1_mr_parameters.tsv
chr3_maxDist_1000_minSize_5_DMR_clusterAccuracy_gt_0.5_miniMethyChange_gt_0.05_0.1_0.2_high_miniPercentChange_gt_0.0001_Pcutoff_0.05_isSmooth_2_isModTest_0_576_1
Traceback (most recent call last):
  File "/cluster/home/junbaiw/nn4605k/junbaiw/miniconda3/envs/testapp/bin/dmr_analysis", line 33, in <module>
    sys.exit(load_entry_point('dmr-analysis', 'console_scripts', 'dmr_analysis')())
  File "/cluster/projects/nn4605k/junbaiw/rrpathology/local/FL_project2019/in_meth/dmr_analysis/dmr_analysis/dmr_analysis.py", line 102, in main
    sys.exit(load_entry_point('dmr-analysis', 'console_scripts', 'dmr_analysis')())
  File "/cluster/projects/nn4605k/junbaiw/rrpathology/local/FL_project2019/in_meth/dmr_analysis/dmr_analysis/dmr_analysis.py", line 102, in main
    Main()
  File "/cluster/projects/nn4605k/junbaiw/rrpathology/local/FL_project2019/in_meth/dmr_analysis/dmr_analysis/dmr_analysis.py", line 32, in __init__
    Main()
  File "/cluster/projects/nn4605k/junbaiw/rrpathology/local/FL_project2019/in_meth/dmr_analysis/dmr_analysis/dmr_analysis.py", line 32, in __init__
    getattr(self,args.task)()
  File "/cluster/projects/nn4605k/junbaiw/rrpathology/local/FL_project2019/in_meth/dmr_analysis/dmr_analysis/dmr_analysis.py", line 50, in dmr_selected4plot
    getattr(self,args.task)()
  File "/cluster/projects/nn4605k/junbaiw/rrpathology/local/FL_project2019/in_meth/dmr_analysis/dmr_analysis/dmr_analysis.py", line 50, in dmr_selected4plot
    run(parser.parse_args(sys.argv[2:]))
  File "/cluster/projects/nn4605k/junbaiw/rrpathology/local/FL_project2019/in_meth/dmr_analysis/dmr_analysis/script/dmr_selected4plot.py", line 190, in run
    run(parser.parse_args(sys.argv[2:]))
  File "/cluster/projects/nn4605k/junbaiw/rrpathology/local/FL_project2019/in_meth/dmr_analysis/dmr_analysis/script/dmr_selected4plot.py", line 190, in run
    logger_n=setup_logger(out_folder, in_chrm,max_read_length,mini_block_size,log_number)
  File "/cluster/projects/nn4605k/junbaiw/rrpathology/local/FL_project2019/in_meth/dmr_analysis/dmr_analysis/script/script_high/dmr_utility.py", line 360, in setup_logger
    logger_n=setup_logger(out_folder, in_chrm,max_read_length,mini_block_size,log_number)
  File "/cluster/projects/nn4605k/junbaiw/rrpathology/local/FL_project2019/in_meth/dmr_analysis/dmr_analysis/script/script_high/dmr_utility.py", line 360, in setup_logger
    file_handler=logging.FileHandler(log_file,mode='w')
  File "/cluster/home/junbaiw/nn4605k/junbaiw/miniconda3/envs/testapp/lib/python3.9/logging/__init__.py", line 1146, in __init__
    file_handler=logging.FileHandler(log_file,mode='w')
  File "/cluster/home/junbaiw/nn4605k/junbaiw/miniconda3/envs/testapp/lib/python3.9/logging/__init__.py", line 1146, in __init__
../../final_demo_data/hap1_cell/out_data/DMR_CpG_context/chr3/plots/chr3_all_mr_data.tsv
../../final_demo_data/hap1_cell/out_data/DMR_CpG_context/chr3/chr3_MR_data4maxBlockDistance_1000_minBlockSize_5_data.txt.gz
../../final_demo_data/hap1_cell/out_data/DMR_CpG_context/chr3/plots/chr3_1_mr_parameters.tsv
chr3_maxDist_1000_minSize_5_DMR_clusterAccuracy_gt_0.5_miniMethyChange_gt_0.05_0.1_0.2_high_miniPercentChange_gt_0.0001_Pcutoff_0.05_isSmooth_2_isModTest_0_576_1
Traceback (most recent call last):
  File "/cluster/home/junbaiw/nn4605k/junbaiw/miniconda3/envs/testapp/bin/dmr_analysis", line 33, in <module>
../../final_demo_data/hap1_cell/out_data/DMR_CpG_context/chr3/plots/chr3_all_mr_data.tsv
../../final_demo_data/hap1_cell/out_data/DMR_CpG_context/chr3/chr3_MR_data4maxBlockDistance_1000_minBlockSize_5_data.txt.gz
../../final_demo_data/hap1_cell/out_data/DMR_CpG_context/chr3/plots/chr3_1_mr_parameters.tsv
chr3_maxDist_1000_minSize_5_DMR_clusterAccuracy_gt_0.5_miniMethyChange_gt_0.05_0.1_0.2_high_miniPercentChange_gt_0.0001_Pcutoff_0.05_isSmooth_2_isModTest_0_576_1
Traceback (most recent call last):
  File "/cluster/home/junbaiw/nn4605k/junbaiw/miniconda3/envs/testapp/bin/dmr_analysis", line 33, in <module>
../../final_demo_data/hap1_cell/out_data/DMR_CpG_context/chr3/plots/chr3_all_mr_data.tsv
../../final_demo_data/hap1_cell/out_data/DMR_CpG_context/chr3/chr3_MR_data4maxBlockDistance_1000_minBlockSize_5_data.txt.gz
../../final_demo_data/hap1_cell/out_data/DMR_CpG_context/chr3/plots/chr3_1_mr_parameters.tsv
chr3_maxDist_1000_minSize_5_DMR_clusterAccuracy_gt_0.5_miniMethyChange_gt_0.05_0.1_0.2_high_miniPercentChange_gt_0.0001_Pcutoff_0.05_isSmooth_2_isModTest_0_576_1
Traceback (most recent call last):
  File "/cluster/home/junbaiw/nn4605k/junbaiw/miniconda3/envs/testapp/bin/dmr_analysis", line 33, in <module>
    sys.exit(load_entry_point('dmr-analysis', 'console_scripts', 'dmr_analysis')())
  File "/cluster/projects/nn4605k/junbaiw/rrpathology/local/FL_project2019/in_meth/dmr_analysis/dmr_analysis/dmr_analysis.py", line 102, in main
    sys.exit(load_entry_point('dmr-analysis', 'console_scripts', 'dmr_analysis')())
  File "/cluster/projects/nn4605k/junbaiw/rrpathology/local/FL_project2019/in_meth/dmr_analysis/dmr_analysis/dmr_analysis.py", line 102, in main
    Main()
  File "/cluster/projects/nn4605k/junbaiw/rrpathology/local/FL_project2019/in_meth/dmr_analysis/dmr_analysis/dmr_analysis.py", line 32, in __init__
    Main()
  File "/cluster/projects/nn4605k/junbaiw/rrpathology/local/FL_project2019/in_meth/dmr_analysis/dmr_analysis/dmr_analysis.py", line 32, in __init__
    sys.exit(load_entry_point('dmr-analysis', 'console_scripts', 'dmr_analysis')())
  File "/cluster/projects/nn4605k/junbaiw/rrpathology/local/FL_project2019/in_meth/dmr_analysis/dmr_analysis/dmr_analysis.py", line 102, in main
    getattr(self,args.task)()
  File "/cluster/projects/nn4605k/junbaiw/rrpathology/local/FL_project2019/in_meth/dmr_analysis/dmr_analysis/dmr_analysis.py", line 50, in dmr_selected4plot
    getattr(self,args.task)()
    Main()
  File "/cluster/projects/nn4605k/junbaiw/rrpathology/local/FL_project2019/in_meth/dmr_analysis/dmr_analysis/dmr_analysis.py", line 50, in dmr_selected4plot
  File "/cluster/projects/nn4605k/junbaiw/rrpathology/local/FL_project2019/in_meth/dmr_analysis/dmr_analysis/dmr_analysis.py", line 32, in __init__
    run(parser.parse_args(sys.argv[2:]))
  File "/cluster/projects/nn4605k/junbaiw/rrpathology/local/FL_project2019/in_meth/dmr_analysis/dmr_analysis/script/dmr_selected4plot.py", line 190, in run
    run(parser.parse_args(sys.argv[2:]))
  File "/cluster/projects/nn4605k/junbaiw/rrpathology/local/FL_project2019/in_meth/dmr_analysis/dmr_analysis/script/dmr_selected4plot.py", line 190, in run
    getattr(self,args.task)()
  File "/cluster/projects/nn4605k/junbaiw/rrpathology/local/FL_project2019/in_meth/dmr_analysis/dmr_analysis/dmr_analysis.py", line 50, in dmr_selected4plot
    logger_n=setup_logger(out_folder, in_chrm,max_read_length,mini_block_size,log_number)
  File "/cluster/projects/nn4605k/junbaiw/rrpathology/local/FL_project2019/in_meth/dmr_analysis/dmr_analysis/script/script_high/dmr_utility.py", line 360, in setup_logger
    run(parser.parse_args(sys.argv[2:]))
    logger_n=setup_logger(out_folder, in_chrm,max_read_length,mini_block_size,log_number)
  File "/cluster/projects/nn4605k/junbaiw/rrpathology/local/FL_project2019/in_meth/dmr_analysis/dmr_analysis/script/dmr_selected4plot.py", line 190, in run
  File "/cluster/projects/nn4605k/junbaiw/rrpathology/local/FL_project2019/in_meth/dmr_analysis/dmr_analysis/script/script_high/dmr_utility.py", line 360, in setup_logger
    file_handler=logging.FileHandler(log_file,mode='w')
  File "/cluster/home/junbaiw/nn4605k/junbaiw/miniconda3/envs/testapp/lib/python3.9/logging/__init__.py", line 1146, in __init__
    logger_n=setup_logger(out_folder, in_chrm,max_read_length,mini_block_size,log_number)
  File "/cluster/projects/nn4605k/junbaiw/rrpathology/local/FL_project2019/in_meth/dmr_analysis/dmr_analysis/script/script_high/dmr_utility.py", line 360, in setup_logger
    file_handler=logging.FileHandler(log_file,mode='w')
  File "/cluster/home/junbaiw/nn4605k/junbaiw/miniconda3/envs/testapp/lib/python3.9/logging/__init__.py", line 1146, in __init__
    file_handler=logging.FileHandler(log_file,mode='w')
  File "/cluster/home/junbaiw/nn4605k/junbaiw/miniconda3/envs/testapp/lib/python3.9/logging/__init__.py", line 1146, in __init__
    StreamHandler.__init__(self, self._open())
    StreamHandler.__init__(self, self._open())
  File "/cluster/home/junbaiw/nn4605k/junbaiw/miniconda3/envs/testapp/lib/python3.9/logging/__init__.py", line 1175, in _open
  File "/cluster/home/junbaiw/nn4605k/junbaiw/miniconda3/envs/testapp/lib/python3.9/logging/__init__.py", line 1175, in _open
    StreamHandler.__init__(self, self._open())
  File "/cluster/home/junbaiw/nn4605k/junbaiw/miniconda3/envs/testapp/lib/python3.9/logging/__init__.py", line 1175, in _open
    StreamHandler.__init__(self, self._open())
  File "/cluster/home/junbaiw/nn4605k/junbaiw/miniconda3/envs/testapp/lib/python3.9/logging/__init__.py", line 1175, in _open
    StreamHandler.__init__(self, self._open())
  File "/cluster/home/junbaiw/nn4605k/junbaiw/miniconda3/envs/testapp/lib/python3.9/logging/__init__.py", line 1175, in _open
    return open(self.baseFilename, self.mode, encoding=self.encoding,
FileNotFoundError: [Errno 2] No such file or directory: '/test_mr_out/chr3/chr3_maxlength_1000_miniSize_5_myapp.log_0'
    return open(self.baseFilename, self.mode, encoding=self.encoding,
FileNotFoundError: [Errno 2] No such file or directory: '/test_mr_out/chr3/chr3_maxlength_1000_miniSize_5_myapp.log_0'
    return open(self.baseFilename, self.mode, encoding=self.encoding,
    return open(self.baseFilename, self.mode, encoding=self.encoding,
FileNotFoundError: [Errno 2] No such file or directory: '/test_mr_out/chr3/chr3_maxlength_1000_miniSize_5_myapp.log_0'
FileNotFoundError: [Errno 2] No such file or directory: '/test_mr_out/chr3/chr3_maxlength_1000_miniSize_5_myapp.log_0'
    return open(self.baseFilename, self.mode, encoding=self.encoding,
FileNotFoundError: [Errno 2] No such file or directory: '/test_mr_out/chr3/chr3_maxlength_1000_miniSize_5_myapp.log_0'
Input file in bed format:  chr; start; end; chr:mrID:chrStart,..,chrEnd:mrType:D/U; p-value 
10 chr3
../../final_demo_data/hap1_cell/out_data/DMR_CpG_context/chr3
../../final_demo_data/hap1_cell/out_data/DMR_CpG_context/chr3
../../final_demo_data/hap1_cell/out_data/DMR_CpG_context/chr3
../../final_demo_data/hap1_cell/out_data/DMR_CpG_context/chr3
../../final_demo_data/hap1_cell/out_data/DMR_CpG_context/chr3
Running  5  jobs in  5  parallel processes!
export selected MR - Done
5' distance regions  5000 1000000
minimum , maximum length of intergenic region  10 50000000
export genome annotation files at: ../../final_demo_data/hap1_cell/out_data/DMR_CpG_context/data
gene_annotation-Done
Create result folder,  ../../final_demo_data/hap1_cell/out_data/DMR_CpG_context/out_map2genome
../../final_demo_data/hap1_cell/out_data/DMR_CpG_context/3_chroms_all_mr_data_range_dmrRanking_parameter.bed
3_chroms_high_miniPercentChange_gt_0.0001_Pcutoff_0.05_isSmooth_2_isModTest_0_dmrRanking_top_0.97_minLogReg_proba_0.7
tss
../../final_demo_data/hap1_cell/out_data/DMR_CpG_context/out_map2genome/3_chroms_all_mr_data_range_dmrRanking_noGenes.bed
../../final_demo_data/hap1_cell/out_data/DMR_CpG_context/out_map2genome/3_chroms_all_mr_data_range_dmrRanking_TSS_Up5000_Down1000_removedShort_overlap1e-09.bed
gene
../../final_demo_data/hap1_cell/out_data/DMR_CpG_context/out_map2genome/3_chroms_all_mr_data_range_dmrRanking_noGenes.bed
../../final_demo_data/hap1_cell/out_data/DMR_CpG_context/out_map2genome/3_chroms_all_mr_data_range_dmrRanking_gene_Up5000_Down1000removedShort_overlap1e-09.bed
tes
../../final_demo_data/hap1_cell/out_data/DMR_CpG_context/out_map2genome/3_chroms_all_mr_data_range_dmrRanking_noGenes.bed
../../final_demo_data/hap1_cell/out_data/DMR_CpG_context/out_map2genome/3_chroms_all_mr_data_range_dmrRanking_TES_Up5000_Down1000removedShort_overlap1e-09.bed
5dist
../../final_demo_data/hap1_cell/out_data/DMR_CpG_context/out_map2genome/3_chroms_all_mr_data_range_dmrRanking_noGenes.bed
../../final_demo_data/hap1_cell/out_data/DMR_CpG_context/out_map2genome/3_chroms_all_mr_data_range_dmrRanking_noGenes_5dist_Up1000000_Up5000removedShort_overlap1e-09.bed
intergenic
../../final_demo_data/hap1_cell/out_data/DMR_CpG_context/out_map2genome/3_chroms_all_mr_data_range_dmrRanking_noGenes.bed
../../final_demo_data/hap1_cell/out_data/DMR_CpG_context/out_map2genome/3_chroms_all_mr_data_range_dmrRanking_intergenic_uniqueSorted_betweenTSS_TES_genes_minLen10_overlap1e-09.bed
5dist
../../final_demo_data/hap1_cell/out_data/DMR_CpG_context/out_map2genome/3_chroms_all_mr_data_range_dmrRanking_noGenes.bed
../../final_demo_data/hap1_cell/out_data/DMR_CpG_context/out_map2genome/3_chroms_all_mr_data_range_dmrRanking_noGenes_5dist_Down1000000_Down5000removedShort_overlap1e-09.bed
Number of MR or DMR do not find mapped genome information
0
0
Perentage of MR or DMR mapped to genome info
1.0
1.0
dmr_map2genome - Done
../../final_demo_data/hap1_cell/out_data/DMR_CpG_context/out_map2genome/3_chroms_all_mr_data_range_dmrRanking_*.bed
LogReg_proba>= 0.7
../../final_demo_data/hap1_cell/out_data/DMR_CpG_context/out_map2genome/3_chroms_all_mr_data_range_dmrRanking_TES_Up5000_Down1000removedShort_overlap1e-09.bed
../../final_demo_data/hap1_cell/out_data/DMR_CpG_context/out_map2genome/3_chroms_all_mr_data_range_dmrRanking_TES_Up5000_Down1000removedShort_overlap1e-09.bed
LogReg_proba>= 0.7
../../final_demo_data/hap1_cell/out_data/DMR_CpG_context/out_map2genome/3_chroms_all_mr_data_range_dmrRanking_TSS_Up5000_Down1000_removedShort_overlap1e-09.bed
../../final_demo_data/hap1_cell/out_data/DMR_CpG_context/out_map2genome/3_chroms_all_mr_data_range_dmrRanking_TSS_Up5000_Down1000_removedShort_overlap1e-09.bed
LogReg_proba>= 0.7
../../final_demo_data/hap1_cell/out_data/DMR_CpG_context/out_map2genome/3_chroms_all_mr_data_range_dmrRanking_gene_Up5000_Down1000removedShort_overlap1e-09.bed
../../final_demo_data/hap1_cell/out_data/DMR_CpG_context/out_map2genome/3_chroms_all_mr_data_range_dmrRanking_gene_Up5000_Down1000removedShort_overlap1e-09.bed
LogReg_proba>= 0.7
../../final_demo_data/hap1_cell/out_data/DMR_CpG_context/out_map2genome/3_chroms_all_mr_data_range_dmrRanking_noGenes_5dist_Up1000000_Up5000removedShort_overlap1e-09.bed
../../final_demo_data/hap1_cell/out_data/DMR_CpG_context/out_map2genome/3_chroms_all_mr_data_range_dmrRanking_noGenes_5dist_Up1000000_Up5000removedShort_overlap1e-09.bed
LogReg_proba>= 0.7
../../final_demo_data/hap1_cell/out_data/DMR_CpG_context/out_map2genome/3_chroms_all_mr_data_range_dmrRanking_intergenic_uniqueSorted_betweenTSS_TES_genes_minLen10_overlap1e-09.bed
../../final_demo_data/hap1_cell/out_data/DMR_CpG_context/out_map2genome/3_chroms_all_mr_data_range_dmrRanking_intergenic_uniqueSorted_betweenTSS_TES_genes_minLen10_overlap1e-09.bed
LogReg_proba>= 0.7
../../final_demo_data/hap1_cell/out_data/DMR_CpG_context/out_map2genome/3_chroms_all_mr_data_range_dmrRanking_noGenes_5dist_Down1000000_Down5000removedShort_overlap1e-09.bed
../../final_demo_data/hap1_cell/out_data/DMR_CpG_context/out_map2genome/3_chroms_all_mr_data_range_dmrRanking_noGenes_5dist_Down1000000_Down5000removedShort_overlap1e-09.bed
Export at:  ../../final_demo_data/hap1_cell/out_data/DMR_CpG_context/out_map2genome/wild_vs_ko_DMR_hyper_hypo_mix_0.7.csv
dmr_cal2genome_percent - Done
../../final_demo_data/hap1_cell/out_data/DMR_CpG_context/out_map2genome/wild_vs_ko_DMR_hyper_hypo_mix_0.7.pdf
dmr_percent2plot - Done
Create output folder ../../final_demo_data/hap1_cell/out_data/DMR_CpG_context/out_map2chromSegment
../../final_demo_data/hap1_cell/out_data/DMR_CpG_context/3_chroms_all_mr_data_range_dmrRanking_parameter.bed
3_chroms_high_miniPercentChange_gt_0.0001_Pcutoff_0.05_isSmooth_2_isModTest_0_dmrRanking_top_0.97_minLogReg_proba_0.7
Combined six cells chromatin segment files already exist, map it to DMR now 
Skip preprocess raw chromatin segment files,  ['../../final_demo_data/chromSegment/hg38/combined_six_cells_chromatin_segment_min10_E_merged_hglft2hg38.bed.gz', '../../final_demo_data/chromSegment/hg38/combined_six_cells_chromatin_segment_min10_PF_merged_hglft2hg38.bed.gz', '../../final_demo_data/chromSegment/hg38/combined_six_cells_chromatin_segment_min10_R_merged_hglft2hg38.bed.gz', '../../final_demo_data/chromSegment/hg38/combined_six_cells_chromatin_segment_min10_CTCF_merged_hglft2hg38.bed.gz', '../../final_demo_data/chromSegment/hg38/combined_six_cells_chromatin_segment_min10_WE_merged_hglft2hg38.bed.gz', '../../final_demo_data/chromSegment/hg38/combined_six_cells_chromatin_segment_min10_T_merged_hglft2hg38.bed.gz', '../../final_demo_data/chromSegment/hg38/combined_six_cells_chromatin_segment_min10_TSS_merged_hglft2hg38.bed.gz']  but export files to  ../../final_demo_data/hap1_cell/out_data/DMR_CpG_context/out_map2chromSegment
../../final_demo_data/hap1_cell/out_data/DMR_CpG_context/out_map2chromSegment
../../final_demo_data/hap1_cell/out_data/DMR_CpG_context/out_map2chromSegment/3_chroms_all_mr_data_range_dmrRanking_combined_six_cells_chromatin_segment_min10_E_merged_hglft2hg38_overlap1e-09.bed
../../final_demo_data/hap1_cell/out_data/DMR_CpG_context/out_map2chromSegment/3_chroms_all_mr_data_range_dmrRanking_combined_six_cells_chromatin_segment_min10_PF_merged_hglft2hg38_overlap1e-09.bed
../../final_demo_data/hap1_cell/out_data/DMR_CpG_context/out_map2chromSegment/3_chroms_all_mr_data_range_dmrRanking_combined_six_cells_chromatin_segment_min10_R_merged_hglft2hg38_overlap1e-09.bed
../../final_demo_data/hap1_cell/out_data/DMR_CpG_context/out_map2chromSegment/3_chroms_all_mr_data_range_dmrRanking_combined_six_cells_chromatin_segment_min10_CTCF_merged_hglft2hg38_overlap1e-09.bed
../../final_demo_data/hap1_cell/out_data/DMR_CpG_context/out_map2chromSegment/3_chroms_all_mr_data_range_dmrRanking_combined_six_cells_chromatin_segment_min10_WE_merged_hglft2hg38_overlap1e-09.bed
../../final_demo_data/hap1_cell/out_data/DMR_CpG_context/out_map2chromSegment/3_chroms_all_mr_data_range_dmrRanking_combined_six_cells_chromatin_segment_min10_T_merged_hglft2hg38_overlap1e-09.bed
../../final_demo_data/hap1_cell/out_data/DMR_CpG_context/out_map2chromSegment/3_chroms_all_mr_data_range_dmrRanking_combined_six_cells_chromatin_segment_min10_TSS_merged_hglft2hg38_overlap1e-09.bed
Number of MR or DMR do not find mapped genome information
0
0
Perentage of MR or DMR mapped to genome info
1.0
1.0
dmr_map2chromSegment - Done
../../final_demo_data/hap1_cell/out_data/DMR_CpG_context/out_map2chromSegment/3_chroms_all_mr_data_range_dmrRanking_combined_six_cells_chromatin_segment_min10_*.bed
LogReg_proba>= 0.8
../../final_demo_data/hap1_cell/out_data/DMR_CpG_context/out_map2chromSegment/3_chroms_all_mr_data_range_dmrRanking_combined_six_cells_chromatin_segment_min10_T_merged_hglft2hg38_overlap1e-09.bed
T (1,) (764,)
LogReg_proba>= 0.8
../../final_demo_data/hap1_cell/out_data/DMR_CpG_context/out_map2chromSegment/3_chroms_all_mr_data_range_dmrRanking_combined_six_cells_chromatin_segment_min10_CTCF_merged_hglft2hg38_overlap1e-09.bed
CTCF (1,) (253,)
LogReg_proba>= 0.8
../../final_demo_data/hap1_cell/out_data/DMR_CpG_context/out_map2chromSegment/3_chroms_all_mr_data_range_dmrRanking_combined_six_cells_chromatin_segment_min10_E_merged_hglft2hg38_overlap1e-09.bed
E (1,) (220,)
LogReg_proba>= 0.8
../../final_demo_data/hap1_cell/out_data/DMR_CpG_context/out_map2chromSegment/3_chroms_all_mr_data_range_dmrRanking_combined_six_cells_chromatin_segment_min10_WE_merged_hglft2hg38_overlap1e-09.bed
WE (1,) (287,)
LogReg_proba>= 0.8
../../final_demo_data/hap1_cell/out_data/DMR_CpG_context/out_map2chromSegment/3_chroms_all_mr_data_range_dmrRanking_combined_six_cells_chromatin_segment_min10_TSS_merged_hglft2hg38_overlap1e-09.bed
TSS (1,) (121,)
LogReg_proba>= 0.8
../../final_demo_data/hap1_cell/out_data/DMR_CpG_context/out_map2chromSegment/3_chroms_all_mr_data_range_dmrRanking_combined_six_cells_chromatin_segment_min10_PF_merged_hglft2hg38_overlap1e-09.bed
PF (1,) (127,)
LogReg_proba>= 0.8
../../final_demo_data/hap1_cell/out_data/DMR_CpG_context/out_map2chromSegment/3_chroms_all_mr_data_range_dmrRanking_combined_six_cells_chromatin_segment_min10_R_merged_hglft2hg38_overlap1e-09.bed
R (1,) (800,)
Export at:  ../../final_demo_data/hap1_cell/out_data/DMR_CpG_context/out_map2chromSegment/wild_vs_ko_DMR_hyper_hypo_mix_in_chromSeg_0.7.csv
dmr_cal2chromSegment_percent - Done
../../final_demo_data/hap1_cell/out_data/DMR_CpG_context/out_map2chromSegment/wild_vs_ko_DMR_hyper_hypo_mix_in_chromSeg_0.7.pdf
dmr_percent2plot - Done

Load parameter file:
../../final_demo_data/hap1_cell/out_data/DMR_CpG_context/3_chroms_all_mr_data_range_dmrRanking_parameter.bed
3_chroms_high_miniPercentChange_gt_0.0001_Pcutoff_0.05_isSmooth_2_isModTest_0_dmrRanking_top_0.97_minLogReg_proba_0.7
Input files minimum LogReg probability is  0.7

Load genome files: 
3_chroms_all_mr_data_range_dmrRanking_TES_Up5000_Down1000removedShort_overlap1e-09.bed
3_chroms_all_mr_data_range_dmrRanking_TSS_Up5000_Down1000_removedShort_overlap1e-09.bed
3_chroms_all_mr_data_range_dmrRanking_gene_Up5000_Down1000removedShort_overlap1e-09.bed
3_chroms_all_mr_data_range_dmrRanking_noGenes_5dist_Up1000000_Up5000removedShort_overlap1e-09.bed
3_chroms_all_mr_data_range_dmrRanking_intergenic_uniqueSorted_betweenTSS_TES_genes_minLen10_overlap1e-09.bed
3_chroms_all_mr_data_range_dmrRanking_noGenes_5dist_Down1000000_Down5000removedShort_overlap1e-09.bed

Load chromSegment files:
3_chroms_all_mr_data_range_dmrRanking_combined_six_cells_chromatin_segment_min10_T_merged_hglft2hg38_overlap1e-09.bed
3_chroms_all_mr_data_range_dmrRanking_combined_six_cells_chromatin_segment_min10_CTCF_merged_hglft2hg38_overlap1e-09.bed
3_chroms_all_mr_data_range_dmrRanking_combined_six_cells_chromatin_segment_min10_E_merged_hglft2hg38_overlap1e-09.bed
3_chroms_all_mr_data_range_dmrRanking_combined_six_cells_chromatin_segment_min10_WE_merged_hglft2hg38_overlap1e-09.bed
3_chroms_all_mr_data_range_dmrRanking_combined_six_cells_chromatin_segment_min10_TSS_merged_hglft2hg38_overlap1e-09.bed
3_chroms_all_mr_data_range_dmrRanking_combined_six_cells_chromatin_segment_min10_PF_merged_hglft2hg38_overlap1e-09.bed
3_chroms_all_mr_data_range_dmrRanking_combined_six_cells_chromatin_segment_min10_R_merged_hglft2hg38_overlap1e-09.bed

Data size:
(601, 5) logReg_proba>=0.7
(601, 5)

Number of parallel processes:
11
selected_dmr_sorted_df2_10.csv
selected_dmr_sorted_df2_7.csv
selected_dmr_sorted_df2_8.csv
selected_dmr_sorted_df2_0.csv
selected_dmr_sorted_df2_9.csv
selected_dmr_sorted_df2_5.csv
selected_dmr_sorted_df2_3.csv
selected_dmr_sorted_df2_4.csv
selected_dmr_sorted_df2_2.csv
selected_dmr_sorted_df2_1.csv
selected_dmr_sorted_df2_6.csv
Export all results at : 3_chroms_all_mr_data_range_dmrRanking_genome_chromSegment_info_ProbaGt_0.7.bed
dmr_combine2geneAnnot - Done

Job 7518340 consumed 3.8 billing hours from project nn4605k.

Submitted 2023-02-02T13:36:21; waited 0.0 seconds in the queue after becoming eligible to run.

Requested wallclock time: 15.0 hours
Elapsed wallclock time:   9.6 minutes

Task and CPU statistics:
ID             CPUs  Tasks  CPU util                Start  Elapsed  Exit status
7518340          15            0.0 %  2023-02-02T13:36:21  575.0 s  0
7518340.batch    15      1    99.3 %  2023-02-02T13:36:21  575.0 s  0

Used CPU time:   2.4 CPU hours
Unused CPU time: 1.0 CPU minutes

Memory statistics, in GiB:
ID              Alloc   Usage
7518340         225.0        
7518340.batch   225.0     1.6

Job 7518340 completed at Thu Feb 2 13:45:57 CET 2023
