Starting job 8578166 on c6-4 on saga at Fri Apr 14 12:50:08 CEST 2023


CommandNotFoundError: Your shell has not been properly configured to use 'conda activate'.
To initialize your shell, run

    $ conda init <SHELL_NAME>

Currently supported shells are:
  - bash
  - fish
  - tcsh
  - xonsh
  - zsh
  - powershell

See 'conda init --help' for more information and options.

IMPORTANT: You may need to close and restart your shell after running 'conda init'.


Log file: ../../final_demo_data/fl_12samples/out_data/DMR_CpG_context/chrY/chrY_maxlength_1000_miniSize_5_myapp.log_0
43545
['chrY']
43546
['chrY']
43546
['chrY']
43546
['chrY']
43546
['chrY']
43546
['chrY']
43546
['chrY']
43546
['chrY']
43546
['chrY']
43546
['chrY']
43546
['chrY']
43546
['chrY']
Export  43546  lines of data at chrY_tmp_out_pd.csv
[   17   100   500  1000  5000 10000 50000 67429]
slurmstepd: error: *** JOB 8578166 ON c6-4 CANCELLED AT 2023-04-14T13:26:58 ***

Job 8578166 consumed 9.8 billing hours from project nn4605k.

Submitted 2023-04-14T12:49:59; waited 9.0 seconds in the queue after becoming eligible to run.

Requested wallclock time: 3.0 hours
Elapsed wallclock time:   36.8 minutes

Task and CPU statistics:
ID             CPUs  Tasks  CPU util                Start   Elapsed  Exit status
8578166          10            0.0 %  2023-04-14T12:50:08  2210.0 s  0
8578166.batch    10      1   198.6 %  2023-04-14T12:50:08  2211.0 s  Signal 15

Used CPU time:   12.2 CPU hours
Unused CPU time: 0.0 CPU seconds

Memory statistics, in GiB:
ID              Alloc   Usage
8578166         150.0        
8578166.batch   150.0     0.9

Job 8578166 completed at Fri Apr 14 13:27:00 CEST 2023
