Starting job 7513511 on c3-46 on saga at Wed Feb 1 18:05:04 CET 2023

Log file: ../../final_demo_data/fl_12samples/out_data/DMR_CpG_context/chrY/chrY_maxlength_1000_miniSize_5_myapp.log_0
43546
['chrY']
43546
['chrY']
43546
['chrY']
43546
['chrY']
43546
['chrY']
43546
['chrY']
43546
['chrY']
43546
['chrY']
43546
['chrY']
43546
['chrY']
43546
['chrY']
43545
['chrY']
Export  43546  lines of data at chrY_tmp_out_pd.csv
[   17   100   500  1000  5000 10000 50000 67429]
Log file: ../../final_demo_data/fl_12samples/out_data/DMR_CpG_context/chrY/chrY_maxlength_1000_miniSize_5_myapp.log_15
Log file: ../../final_demo_data/fl_12samples/out_data/DMR_CpG_context/chrY/chrY_maxlength_1000_miniSize_5_myapp.log_9
Log file: ../../final_demo_data/fl_12samples/out_data/DMR_CpG_context/chrY/chrY_maxlength_1000_miniSize_5_myapp.log_12
Log file: ../../final_demo_data/fl_12samples/out_data/DMR_CpG_context/chrY/chrY_maxlength_1000_miniSize_5_myapp.log_1
Log file: ../../final_demo_data/fl_12samples/out_data/DMR_CpG_context/chrY/chrY_maxlength_1000_miniSize_5_myapp.log_6
Log file: ../../final_demo_data/fl_12samples/out_data/DMR_CpG_context/chrY/chrY_maxlength_1000_miniSize_5_myapp.log_8
Log file: ../../final_demo_data/fl_12samples/out_data/DMR_CpG_context/chrY/chrY_maxlength_1000_miniSize_5_myapp.log_13
Log file: ../../final_demo_data/fl_12samples/out_data/DMR_CpG_context/chrY/chrY_maxlength_1000_miniSize_5_myapp.log_10
Log file: ../../final_demo_data/fl_12samples/out_data/DMR_CpG_context/chrY/chrY_maxlength_1000_miniSize_5_myapp.log_7
Log file: ../../final_demo_data/fl_12samples/out_data/DMR_CpG_context/chrY/chrY_maxlength_1000_miniSize_5_myapp.log_5
Log file: ../../final_demo_data/fl_12samples/out_data/DMR_CpG_context/chrY/chrY_maxlength_1000_miniSize_5_myapp.log_4
Log file: ../../final_demo_data/fl_12samples/out_data/DMR_CpG_context/chrY/chrY_maxlength_1000_miniSize_5_myapp.log_14
Log file: ../../final_demo_data/fl_12samples/out_data/DMR_CpG_context/chrY/chrY_maxlength_1000_miniSize_5_myapp.log_3
Log file: ../../final_demo_data/fl_12samples/out_data/DMR_CpG_context/chrY/chrY_maxlength_1000_miniSize_5_myapp.log_2
Log file: ../../final_demo_data/fl_12samples/out_data/DMR_CpG_context/chrY/chrY_maxlength_1000_miniSize_5_myapp.log_11
Log file: ../../final_demo_data/fl_12samples/out_data/DMR_CpG_context/chr18/chr18_maxlength_1000_miniSize_5_myapp.log_0
44560
['chr18']
44560
['chr18']
44560
['chr18']
44560
['chr18']
44560
['chr18']
44560
['chr18']
44560
['chr18']
44560
['chr18']
44560
['chr18']
44560
['chr18']
44560
['chr18']
44560
['chr18']
Export  44560  lines of data at chr18_tmp_out_pd.csv
[    7   100   500  1000  5000 10000 50000 58056]
Log file: ../../final_demo_data/fl_12samples/out_data/DMR_CpG_context/chr18/chr18_maxlength_1000_miniSize_5_myapp.log_3
Log file: ../../final_demo_data/fl_12samples/out_data/DMR_CpG_context/chr18/chr18_maxlength_1000_miniSize_5_myapp.log_8
Log file: ../../final_demo_data/fl_12samples/out_data/DMR_CpG_context/chr18/chr18_maxlength_1000_miniSize_5_myapp.log_6
Log file: ../../final_demo_data/fl_12samples/out_data/DMR_CpG_context/chr18/chr18_maxlength_1000_miniSize_5_myapp.log_15
Log file: ../../final_demo_data/fl_12samples/out_data/DMR_CpG_context/chr18/chr18_maxlength_1000_miniSize_5_myapp.log_10
Log file: ../../final_demo_data/fl_12samples/out_data/DMR_CpG_context/chr18/chr18_maxlength_1000_miniSize_5_myapp.log_5
Log file: ../../final_demo_data/fl_12samples/out_data/DMR_CpG_context/chr18/chr18_maxlength_1000_miniSize_5_myapp.log_4
Log file: ../../final_demo_data/fl_12samples/out_data/DMR_CpG_context/chr18/chr18_maxlength_1000_miniSize_5_myapp.log_1
Log file: ../../final_demo_data/fl_12samples/out_data/DMR_CpG_context/chr18/chr18_maxlength_1000_miniSize_5_myapp.log_7
Log file: ../../final_demo_data/fl_12samples/out_data/DMR_CpG_context/chr18/chr18_maxlength_1000_miniSize_5_myapp.log_14
Log file: ../../final_demo_data/fl_12samples/out_data/DMR_CpG_context/chr18/chr18_maxlength_1000_miniSize_5_myapp.log_11
Log file: ../../final_demo_data/fl_12samples/out_data/DMR_CpG_context/chr18/chr18_maxlength_1000_miniSize_5_myapp.log_13
Log file: ../../final_demo_data/fl_12samples/out_data/DMR_CpG_context/chr18/chr18_maxlength_1000_miniSize_5_myapp.log_9
Log file: ../../final_demo_data/fl_12samples/out_data/DMR_CpG_context/chr18/chr18_maxlength_1000_miniSize_5_myapp.log_2
Log file: ../../final_demo_data/fl_12samples/out_data/DMR_CpG_context/chr18/chr18_maxlength_1000_miniSize_5_myapp.log_12
dmr_analysis_block - Done
input Chromosomes:  ('chr18', 'chrY')
input File folders:  ../../final_demo_data/fl_12samples/out_data/DMR_CpG_context plots
search File strings:  *_all_mr_data_range.tsv
2 chromes 2 *_all_mr_data_range.tsv files find in ../../final_demo_data/fl_12samples/out_data/DMR_CpG_context
DMR class 
[0 1]
beta coefficient for DMR features :
 gcb_vs_grpsDist, tumor_vs_grpsDist, %_passed_ttest, cluster_accuracy, high_(t-g)%, median_(t-g)%
[[6.89193291e-01 1.15807970e-02 4.17880217e+00 1.28975493e+00
  4.46611007e+01 1.11149388e+00]]
interceptic of Logistic Regression model 
[-7.45298341]
Prediction accuracy:
0.9413663259817105
Confusion matrix:
[[1062    1]
 [ 108  688]]
Cluster accuracy range : 0.0 1.1
D
logReg_proba_0.7
Number of selected DMR,  Recovered number of DMR,  Total number of DMR,  Percentage of recovered DMR
(621,) (621,) (796,) 0.7801507537688442
(621, 27)
Selected mini-logReg-score and logReg probability
0.8485848890567578 [0.8485848890567578, 0.7002702064306233]
0.7801507537688442
(1285, 27)
Export data: ../../final_demo_data/fl_12samples/out_data/DMR_CpG_context/chr18/plots/chr18_all_mr_data_range_dmrRanking.tsv
Export parameter: ../../final_demo_data/fl_12samples/out_data/DMR_CpG_context/chr18/plots/chr18_all_mr_data_range_dmrRanking_parameters.tsv
(574, 27)
Export data: ../../final_demo_data/fl_12samples/out_data/DMR_CpG_context/chrY/plots/chrY_all_mr_data_range_dmrRanking.tsv
Export parameter: ../../final_demo_data/fl_12samples/out_data/DMR_CpG_context/chrY/plots/chrY_all_mr_data_range_dmrRanking_parameters.tsv
Export selected column data of combined chromosomes at : ../../final_demo_data/fl_12samples/out_data/DMR_CpG_context/2_chroms_all_mr_data_range_dmrRanking.bed
Export parameters of combined chromosomes at : ../../final_demo_data/fl_12samples/out_data/DMR_CpG_context/2_chroms_all_mr_data_range_dmrRanking_parameter.bed
(1859, 5)
dmr_combine_multChrs4rank - Done
../../final_demo_data/fl_12samples/out_data/DMR_CpG_context/chr18/plots/chr18_all_mr_data_range_dmrRanking.tsv_
../../final_demo_data/fl_12samples/out_data/DMR_CpG_context/chr18/chr18_MR_data4maxBlockDistance_1000_minBlockSize_5_data.txt.gz
Traceback (most recent call last):
  File "/cluster/home/junbaiw/nn4605k/junbaiw/miniconda3/envs/testapp/bin/dmr_analysis", line 33, in <module>
    sys.exit(load_entry_point('dmr-analysis', 'console_scripts', 'dmr_analysis')())
  File "/cluster/projects/nn4605k/junbaiw/rrpathology/local/FL_project2019/in_meth/dmr_analysis/dmr_analysis/dmr_analysis.py", line 102, in main
    Main()
  File "/cluster/projects/nn4605k/junbaiw/rrpathology/local/FL_project2019/in_meth/dmr_analysis/dmr_analysis/dmr_analysis.py", line 32, in __init__
    getattr(self,args.task)()
  File "/cluster/projects/nn4605k/junbaiw/rrpathology/local/FL_project2019/in_meth/dmr_analysis/dmr_analysis/dmr_analysis.py", line 50, in dmr_selected4plot
    run(parser.parse_args(sys.argv[2:]))
  File "/cluster/projects/nn4605k/junbaiw/rrpathology/local/FL_project2019/in_meth/dmr_analysis/dmr_analysis/script/dmr_selected4plot.py", line 144, in run
    in_dmr_df=pd.read_csv(in_dmr_file,sep='\t')
  File "/cluster/home/junbaiw/nn4605k/junbaiw/miniconda3/envs/testapp/lib/python3.9/site-packages/pandas/util/_decorators.py", line 311, in wrapper
    return func(*args, **kwargs)
  File "/cluster/home/junbaiw/nn4605k/junbaiw/miniconda3/envs/testapp/lib/python3.9/site-packages/pandas/io/parsers/readers.py", line 678, in read_csv
    return _read(filepath_or_buffer, kwds)
  File "/cluster/home/junbaiw/nn4605k/junbaiw/miniconda3/envs/testapp/lib/python3.9/site-packages/pandas/io/parsers/readers.py", line 575, in _read
    parser = TextFileReader(filepath_or_buffer, **kwds)
  File "/cluster/home/junbaiw/nn4605k/junbaiw/miniconda3/envs/testapp/lib/python3.9/site-packages/pandas/io/parsers/readers.py", line 932, in __init__
    self._engine = self._make_engine(f, self.engine)
  File "/cluster/home/junbaiw/nn4605k/junbaiw/miniconda3/envs/testapp/lib/python3.9/site-packages/pandas/io/parsers/readers.py", line 1216, in _make_engine
    self.handles = get_handle(  # type: ignore[call-overload]
  File "/cluster/home/junbaiw/nn4605k/junbaiw/miniconda3/envs/testapp/lib/python3.9/site-packages/pandas/io/common.py", line 786, in get_handle
    handle = open(
FileNotFoundError: [Errno 2] No such file or directory: '../../final_demo_data/fl_12samples/out_data/DMR_CpG_context/chr18/plots/chr18_all_mr_data_range_dmrRanking.tsv_'
./demo1_dmr_analysis_fl_12samples.sh: line 90: out_result_folder: command not found
../../final_demo_data/fl_12samples/out_data/DMR_CpG_context/chr18/plots/chr18_all_mr_data.tsv
../../final_demo_data/fl_12samples/out_data/DMR_CpG_context/chr18/chr18_MR_data4maxBlockDistance_1000_minBlockSize_5_data.txt.gz
../../final_demo_data/fl_12samples/out_data/DMR_CpG_context/chr18/plots/chr18_1_mr_parameters.tsv
chr18_maxDist_1000_minSize_5_DMR_clusterAccuracy_gt_0.5_miniMethyChange_gt_0.05_0.1_0.2_high_miniPercentChange_gt_0.0001_Pcutoff_0.05_isSmooth_2_isModTest_0_1285_1
../../final_demo_data/fl_12samples/out_data/DMR_CpG_context/chr18/plots/chr18_all_mr_data.tsv
../../final_demo_data/fl_12samples/out_data/DMR_CpG_context/chr18/chr18_MR_data4maxBlockDistance_1000_minBlockSize_5_data.txt.gz
../../final_demo_data/fl_12samples/out_data/DMR_CpG_context/chr18/plots/chr18_1_mr_parameters.tsv
chr18_maxDist_1000_minSize_5_DMR_clusterAccuracy_gt_0.5_miniMethyChange_gt_0.05_0.1_0.2_high_miniPercentChange_gt_0.0001_Pcutoff_0.05_isSmooth_2_isModTest_0_1285_1
../../final_demo_data/fl_12samples/out_data/DMR_CpG_context/chr18/plots/chr18_all_mr_data.tsv
../../final_demo_data/fl_12samples/out_data/DMR_CpG_context/chr18/chr18_MR_data4maxBlockDistance_1000_minBlockSize_5_data.txt.gz
../../final_demo_data/fl_12samples/out_data/DMR_CpG_context/chr18/plots/chr18_1_mr_parameters.tsv
chr18_maxDist_1000_minSize_5_DMR_clusterAccuracy_gt_0.5_miniMethyChange_gt_0.05_0.1_0.2_high_miniPercentChange_gt_0.0001_Pcutoff_0.05_isSmooth_2_isModTest_0_1285_1
../../final_demo_data/fl_12samples/out_data/DMR_CpG_context/chr18/plots/chr18_all_mr_data.tsv
../../final_demo_data/fl_12samples/out_data/DMR_CpG_context/chr18/chr18_MR_data4maxBlockDistance_1000_minBlockSize_5_data.txt.gz
../../final_demo_data/fl_12samples/out_data/DMR_CpG_context/chr18/plots/chr18_1_mr_parameters.tsv
chr18_maxDist_1000_minSize_5_DMR_clusterAccuracy_gt_0.5_miniMethyChange_gt_0.05_0.1_0.2_high_miniPercentChange_gt_0.0001_Pcutoff_0.05_isSmooth_2_isModTest_0_1285_1
../../final_demo_data/fl_12samples/out_data/DMR_CpG_context/chr18/plots/chr18_all_mr_data.tsv
../../final_demo_data/fl_12samples/out_data/DMR_CpG_context/chr18/chr18_MR_data4maxBlockDistance_1000_minBlockSize_5_data.txt.gz
../../final_demo_data/fl_12samples/out_data/DMR_CpG_context/chr18/plots/chr18_1_mr_parameters.tsv
chr18_maxDist_1000_minSize_5_DMR_clusterAccuracy_gt_0.5_miniMethyChange_gt_0.05_0.1_0.2_high_miniPercentChange_gt_0.0001_Pcutoff_0.05_isSmooth_2_isModTest_0_1285_1
Traceback (most recent call last):
Traceback (most recent call last):
Traceback (most recent call last):
Traceback (most recent call last):
Traceback (most recent call last):
  File "/cluster/home/junbaiw/nn4605k/junbaiw/miniconda3/envs/testapp/bin/dmr_analysis", line 33, in <module>
  File "/cluster/home/junbaiw/nn4605k/junbaiw/miniconda3/envs/testapp/bin/dmr_analysis", line 33, in <module>
  File "/cluster/home/junbaiw/nn4605k/junbaiw/miniconda3/envs/testapp/bin/dmr_analysis", line 33, in <module>
  File "/cluster/home/junbaiw/nn4605k/junbaiw/miniconda3/envs/testapp/bin/dmr_analysis", line 33, in <module>
  File "/cluster/home/junbaiw/nn4605k/junbaiw/miniconda3/envs/testapp/bin/dmr_analysis", line 33, in <module>
    sys.exit(load_entry_point('dmr-analysis', 'console_scripts', 'dmr_analysis')())
    sys.exit(load_entry_point('dmr-analysis', 'console_scripts', 'dmr_analysis')())
  File "/cluster/projects/nn4605k/junbaiw/rrpathology/local/FL_project2019/in_meth/dmr_analysis/dmr_analysis/dmr_analysis.py", line 102, in main
  File "/cluster/projects/nn4605k/junbaiw/rrpathology/local/FL_project2019/in_meth/dmr_analysis/dmr_analysis/dmr_analysis.py", line 102, in main
    sys.exit(load_entry_point('dmr-analysis', 'console_scripts', 'dmr_analysis')())
  File "/cluster/projects/nn4605k/junbaiw/rrpathology/local/FL_project2019/in_meth/dmr_analysis/dmr_analysis/dmr_analysis.py", line 102, in main
    Main()
  File "/cluster/projects/nn4605k/junbaiw/rrpathology/local/FL_project2019/in_meth/dmr_analysis/dmr_analysis/dmr_analysis.py", line 32, in __init__
    Main()
  File "/cluster/projects/nn4605k/junbaiw/rrpathology/local/FL_project2019/in_meth/dmr_analysis/dmr_analysis/dmr_analysis.py", line 32, in __init__
    Main()
  File "/cluster/projects/nn4605k/junbaiw/rrpathology/local/FL_project2019/in_meth/dmr_analysis/dmr_analysis/dmr_analysis.py", line 32, in __init__
    getattr(self,args.task)()
  File "/cluster/projects/nn4605k/junbaiw/rrpathology/local/FL_project2019/in_meth/dmr_analysis/dmr_analysis/dmr_analysis.py", line 50, in dmr_selected4plot
    getattr(self,args.task)()
  File "/cluster/projects/nn4605k/junbaiw/rrpathology/local/FL_project2019/in_meth/dmr_analysis/dmr_analysis/dmr_analysis.py", line 50, in dmr_selected4plot
    getattr(self,args.task)()
  File "/cluster/projects/nn4605k/junbaiw/rrpathology/local/FL_project2019/in_meth/dmr_analysis/dmr_analysis/dmr_analysis.py", line 50, in dmr_selected4plot
    run(parser.parse_args(sys.argv[2:]))
  File "/cluster/projects/nn4605k/junbaiw/rrpathology/local/FL_project2019/in_meth/dmr_analysis/dmr_analysis/script/dmr_selected4plot.py", line 190, in run
    run(parser.parse_args(sys.argv[2:]))
  File "/cluster/projects/nn4605k/junbaiw/rrpathology/local/FL_project2019/in_meth/dmr_analysis/dmr_analysis/script/dmr_selected4plot.py", line 190, in run
    run(parser.parse_args(sys.argv[2:]))
  File "/cluster/projects/nn4605k/junbaiw/rrpathology/local/FL_project2019/in_meth/dmr_analysis/dmr_analysis/script/dmr_selected4plot.py", line 190, in run
    logger_n=setup_logger(out_folder, in_chrm,max_read_length,mini_block_size,log_number)
    logger_n=setup_logger(out_folder, in_chrm,max_read_length,mini_block_size,log_number)
  File "/cluster/projects/nn4605k/junbaiw/rrpathology/local/FL_project2019/in_meth/dmr_analysis/dmr_analysis/script/script_high/dmr_utility.py", line 360, in setup_logger
  File "/cluster/projects/nn4605k/junbaiw/rrpathology/local/FL_project2019/in_meth/dmr_analysis/dmr_analysis/script/script_high/dmr_utility.py", line 360, in setup_logger
    logger_n=setup_logger(out_folder, in_chrm,max_read_length,mini_block_size,log_number)
  File "/cluster/projects/nn4605k/junbaiw/rrpathology/local/FL_project2019/in_meth/dmr_analysis/dmr_analysis/script/script_high/dmr_utility.py", line 360, in setup_logger
    sys.exit(load_entry_point('dmr-analysis', 'console_scripts', 'dmr_analysis')())
  File "/cluster/projects/nn4605k/junbaiw/rrpathology/local/FL_project2019/in_meth/dmr_analysis/dmr_analysis/dmr_analysis.py", line 102, in main
    sys.exit(load_entry_point('dmr-analysis', 'console_scripts', 'dmr_analysis')())
  File "/cluster/projects/nn4605k/junbaiw/rrpathology/local/FL_project2019/in_meth/dmr_analysis/dmr_analysis/dmr_analysis.py", line 102, in main
    Main()
  File "/cluster/projects/nn4605k/junbaiw/rrpathology/local/FL_project2019/in_meth/dmr_analysis/dmr_analysis/dmr_analysis.py", line 32, in __init__
    getattr(self,args.task)()
  File "/cluster/projects/nn4605k/junbaiw/rrpathology/local/FL_project2019/in_meth/dmr_analysis/dmr_analysis/dmr_analysis.py", line 50, in dmr_selected4plot
    Main()
  File "/cluster/projects/nn4605k/junbaiw/rrpathology/local/FL_project2019/in_meth/dmr_analysis/dmr_analysis/dmr_analysis.py", line 32, in __init__
    run(parser.parse_args(sys.argv[2:]))
  File "/cluster/projects/nn4605k/junbaiw/rrpathology/local/FL_project2019/in_meth/dmr_analysis/dmr_analysis/script/dmr_selected4plot.py", line 190, in run
    getattr(self,args.task)()
  File "/cluster/projects/nn4605k/junbaiw/rrpathology/local/FL_project2019/in_meth/dmr_analysis/dmr_analysis/dmr_analysis.py", line 50, in dmr_selected4plot
    run(parser.parse_args(sys.argv[2:]))
  File "/cluster/projects/nn4605k/junbaiw/rrpathology/local/FL_project2019/in_meth/dmr_analysis/dmr_analysis/script/dmr_selected4plot.py", line 190, in run
    logger_n=setup_logger(out_folder, in_chrm,max_read_length,mini_block_size,log_number)
  File "/cluster/projects/nn4605k/junbaiw/rrpathology/local/FL_project2019/in_meth/dmr_analysis/dmr_analysis/script/script_high/dmr_utility.py", line 360, in setup_logger
    logger_n=setup_logger(out_folder, in_chrm,max_read_length,mini_block_size,log_number)
  File "/cluster/projects/nn4605k/junbaiw/rrpathology/local/FL_project2019/in_meth/dmr_analysis/dmr_analysis/script/script_high/dmr_utility.py", line 360, in setup_logger
    file_handler=logging.FileHandler(log_file,mode='w')
  File "/cluster/home/junbaiw/nn4605k/junbaiw/miniconda3/envs/testapp/lib/python3.9/logging/__init__.py", line 1146, in __init__
    file_handler=logging.FileHandler(log_file,mode='w')
  File "/cluster/home/junbaiw/nn4605k/junbaiw/miniconda3/envs/testapp/lib/python3.9/logging/__init__.py", line 1146, in __init__
    file_handler=logging.FileHandler(log_file,mode='w')
  File "/cluster/home/junbaiw/nn4605k/junbaiw/miniconda3/envs/testapp/lib/python3.9/logging/__init__.py", line 1146, in __init__
    file_handler=logging.FileHandler(log_file,mode='w')
  File "/cluster/home/junbaiw/nn4605k/junbaiw/miniconda3/envs/testapp/lib/python3.9/logging/__init__.py", line 1146, in __init__
    file_handler=logging.FileHandler(log_file,mode='w')
  File "/cluster/home/junbaiw/nn4605k/junbaiw/miniconda3/envs/testapp/lib/python3.9/logging/__init__.py", line 1146, in __init__
    StreamHandler.__init__(self, self._open())
  File "/cluster/home/junbaiw/nn4605k/junbaiw/miniconda3/envs/testapp/lib/python3.9/logging/__init__.py", line 1175, in _open
    StreamHandler.__init__(self, self._open())
  File "/cluster/home/junbaiw/nn4605k/junbaiw/miniconda3/envs/testapp/lib/python3.9/logging/__init__.py", line 1175, in _open
    StreamHandler.__init__(self, self._open())
  File "/cluster/home/junbaiw/nn4605k/junbaiw/miniconda3/envs/testapp/lib/python3.9/logging/__init__.py", line 1175, in _open
    StreamHandler.__init__(self, self._open())
  File "/cluster/home/junbaiw/nn4605k/junbaiw/miniconda3/envs/testapp/lib/python3.9/logging/__init__.py", line 1175, in _open
    StreamHandler.__init__(self, self._open())
  File "/cluster/home/junbaiw/nn4605k/junbaiw/miniconda3/envs/testapp/lib/python3.9/logging/__init__.py", line 1175, in _open
    return open(self.baseFilename, self.mode, encoding=self.encoding,
FileNotFoundError: [Errno 2] No such file or directory: '/out_exportData/chr18/chr18_maxlength_1000_miniSize_5_myapp.log_0'
    return open(self.baseFilename, self.mode, encoding=self.encoding,
FileNotFoundError: [Errno 2] No such file or directory: '/out_exportData/chr18/chr18_maxlength_1000_miniSize_5_myapp.log_0'
    return open(self.baseFilename, self.mode, encoding=self.encoding,
FileNotFoundError: [Errno 2] No such file or directory: '/out_exportData/chr18/chr18_maxlength_1000_miniSize_5_myapp.log_0'
    return open(self.baseFilename, self.mode, encoding=self.encoding,
FileNotFoundError: [Errno 2] No such file or directory: '/out_exportData/chr18/chr18_maxlength_1000_miniSize_5_myapp.log_0'
    return open(self.baseFilename, self.mode, encoding=self.encoding,
FileNotFoundError: [Errno 2] No such file or directory: '/out_exportData/chr18/chr18_maxlength_1000_miniSize_5_myapp.log_0'
Input file in bed format:  chr; start; end; chr:mrID:chrStart,..,chrEnd:mrType:D/U; p-value 
10 chr18
../../final_demo_data/fl_12samples/out_data/DMR_CpG_context/chr18
../../final_demo_data/fl_12samples/out_data/DMR_CpG_context/chr18
../../final_demo_data/fl_12samples/out_data/DMR_CpG_context/chr18
../../final_demo_data/fl_12samples/out_data/DMR_CpG_context/chr18
../../final_demo_data/fl_12samples/out_data/DMR_CpG_context/chr18
Running  5  jobs in  5  parallel processes!
5' distance regions  5000 1000000
minimum , maximum length of intergenic region  10 50000000
export genome annotation files at: ../../final_demo_data/fl_12samples/out_data/DMR_CpG_context/data
gene_annotation-DON
Create result folder,  ../../final_demo_data/fl_12samples/out_data/DMR_CpG_context/out_map2genome
../../final_demo_data/fl_12samples/out_data/DMR_CpG_context/2_chroms_all_mr_data_range_dmrRanking_parameter.bed
2_chroms_high_miniPercentChange_gt_0.0001_Pcutoff_0.05_isSmooth_2_isModTest_0_dmrRanking_top_0.78_minLogReg_proba_0.7
tss
../../final_demo_data/fl_12samples/out_data/DMR_CpG_context/out_map2genome/2_chroms_all_mr_data_range_dmrRanking_noGenes.bed
../../final_demo_data/fl_12samples/out_data/DMR_CpG_context/out_map2genome/2_chroms_all_mr_data_range_dmrRanking_TSS_Up5000_Down1000_removedShort_overlap1e-09.bed
gene
../../final_demo_data/fl_12samples/out_data/DMR_CpG_context/out_map2genome/2_chroms_all_mr_data_range_dmrRanking_noGenes.bed
../../final_demo_data/fl_12samples/out_data/DMR_CpG_context/out_map2genome/2_chroms_all_mr_data_range_dmrRanking_gene_Up5000_Down1000removedShort_overlap1e-09.bed
tes
../../final_demo_data/fl_12samples/out_data/DMR_CpG_context/out_map2genome/2_chroms_all_mr_data_range_dmrRanking_noGenes.bed
../../final_demo_data/fl_12samples/out_data/DMR_CpG_context/out_map2genome/2_chroms_all_mr_data_range_dmrRanking_TES_Up5000_Down1000removedShort_overlap1e-09.bed
5dist
../../final_demo_data/fl_12samples/out_data/DMR_CpG_context/out_map2genome/2_chroms_all_mr_data_range_dmrRanking_noGenes.bed
../../final_demo_data/fl_12samples/out_data/DMR_CpG_context/out_map2genome/2_chroms_all_mr_data_range_dmrRanking_noGenes_5dist_Up1000000_Up5000removedShort_overlap1e-09.bed
intergenic
../../final_demo_data/fl_12samples/out_data/DMR_CpG_context/out_map2genome/2_chroms_all_mr_data_range_dmrRanking_noGenes.bed
../../final_demo_data/fl_12samples/out_data/DMR_CpG_context/out_map2genome/2_chroms_all_mr_data_range_dmrRanking_intergenic_uniqueSorted_betweenTSS_TES_genes_minLen10_overlap1e-09.bed
5dist
../../final_demo_data/fl_12samples/out_data/DMR_CpG_context/out_map2genome/2_chroms_all_mr_data_range_dmrRanking_noGenes.bed
../../final_demo_data/fl_12samples/out_data/DMR_CpG_context/out_map2genome/2_chroms_all_mr_data_range_dmrRanking_noGenes_5dist_Down1000000_Down5000removedShort_overlap1e-09.bed
Number of MR or DMR do not find mapped genome information
0
0
Perentage of MR or DMR mapped to genome info
1.0
1.0
dmr_map2genome - Done
../../final_demo_data/fl_12samples/out_data/DMR_CpG_context/out_map2genome/2_chroms_all_mr_data_range_dmrRanking_*.bed
LogReg_proba>= 0.7
../../final_demo_data/fl_12samples/out_data/DMR_CpG_context/out_map2genome/2_chroms_all_mr_data_range_dmrRanking_noGenes_5dist_Up1000000_Up5000removedShort_overlap1e-09.bed
../../final_demo_data/fl_12samples/out_data/DMR_CpG_context/out_map2genome/2_chroms_all_mr_data_range_dmrRanking_noGenes_5dist_Up1000000_Up5000removedShort_overlap1e-09.bed
LogReg_proba>= 0.7
../../final_demo_data/fl_12samples/out_data/DMR_CpG_context/out_map2genome/2_chroms_all_mr_data_range_dmrRanking_intergenic_uniqueSorted_betweenTSS_TES_genes_minLen10_overlap1e-09.bed
../../final_demo_data/fl_12samples/out_data/DMR_CpG_context/out_map2genome/2_chroms_all_mr_data_range_dmrRanking_intergenic_uniqueSorted_betweenTSS_TES_genes_minLen10_overlap1e-09.bed
LogReg_proba>= 0.7
../../final_demo_data/fl_12samples/out_data/DMR_CpG_context/out_map2genome/2_chroms_all_mr_data_range_dmrRanking_noGenes_5dist_Down1000000_Down5000removedShort_overlap1e-09.bed
../../final_demo_data/fl_12samples/out_data/DMR_CpG_context/out_map2genome/2_chroms_all_mr_data_range_dmrRanking_noGenes_5dist_Down1000000_Down5000removedShort_overlap1e-09.bed
LogReg_proba>= 0.7
../../final_demo_data/fl_12samples/out_data/DMR_CpG_context/out_map2genome/2_chroms_all_mr_data_range_dmrRanking_TSS_Up5000_Down1000_removedShort_overlap1e-09.bed
../../final_demo_data/fl_12samples/out_data/DMR_CpG_context/out_map2genome/2_chroms_all_mr_data_range_dmrRanking_TSS_Up5000_Down1000_removedShort_overlap1e-09.bed
LogReg_proba>= 0.7
../../final_demo_data/fl_12samples/out_data/DMR_CpG_context/out_map2genome/2_chroms_all_mr_data_range_dmrRanking_gene_Up5000_Down1000removedShort_overlap1e-09.bed
../../final_demo_data/fl_12samples/out_data/DMR_CpG_context/out_map2genome/2_chroms_all_mr_data_range_dmrRanking_gene_Up5000_Down1000removedShort_overlap1e-09.bed
LogReg_proba>= 0.7
../../final_demo_data/fl_12samples/out_data/DMR_CpG_context/out_map2genome/2_chroms_all_mr_data_range_dmrRanking_TES_Up5000_Down1000removedShort_overlap1e-09.bed
../../final_demo_data/fl_12samples/out_data/DMR_CpG_context/out_map2genome/2_chroms_all_mr_data_range_dmrRanking_TES_Up5000_Down1000removedShort_overlap1e-09.bed
Export at:  ../../final_demo_data/fl_12samples/out_data/DMR_CpG_context/out_map2genome/gcb_vs_tumor_DMR_hyper_hypo_mix_0.7.csv
dmr_cal2genome_percent - Done
../../final_demo_data/fl_12samples/out_data/DMR_CpG_context/out_map2genome/gcb_vs_tumor_DMR_hyper_hypo_mix_0.7.pdf
dmr_percent2plot - Done
Create output folder ../../final_demo_data/fl_12samples/out_data/DMR_CpG_context/out_map2chromSegment
../../final_demo_data/fl_12samples/out_data/DMR_CpG_context/2_chroms_all_mr_data_range_dmrRanking_parameter.bed
2_chroms_high_miniPercentChange_gt_0.0001_Pcutoff_0.05_isSmooth_2_isModTest_0_dmrRanking_top_0.78_minLogReg_proba_0.7
Combined six cells chromatin segment files already exist, map it to DMR now 
Skip preprocess raw chromatin segment files,  ['../../final_demo_data/chromSegment/hg19/combined_six_cells_chromatin_segment_min10_TSS_merged.bed.gz', '../../final_demo_data/chromSegment/hg19/combined_six_cells_chromatin_segment_min10_R_merged.bed.gz', '../../final_demo_data/chromSegment/hg19/combined_six_cells_chromatin_segment_min10_PF_merged.bed.gz', '../../final_demo_data/chromSegment/hg19/combined_six_cells_chromatin_segment_min10_E_merged.bed.gz', '../../final_demo_data/chromSegment/hg19/combined_six_cells_chromatin_segment_min10_CTCF_merged.bed.gz', '../../final_demo_data/chromSegment/hg19/combined_six_cells_chromatin_segment_min10_T_merged.bed.gz', '../../final_demo_data/chromSegment/hg19/combined_six_cells_chromatin_segment_min10_WE_merged.bed.gz']  but export files to  ../../final_demo_data/fl_12samples/out_data/DMR_CpG_context/out_map2chromSegment
../../final_demo_data/fl_12samples/out_data/DMR_CpG_context/out_map2chromSegment
../../final_demo_data/fl_12samples/out_data/DMR_CpG_context/out_map2chromSegment/2_chroms_all_mr_data_range_dmrRanking_combined_six_cells_chromatin_segment_min10_TSS_merged_overlap1e-09.bed
../../final_demo_data/fl_12samples/out_data/DMR_CpG_context/out_map2chromSegment/2_chroms_all_mr_data_range_dmrRanking_combined_six_cells_chromatin_segment_min10_R_merged_overlap1e-09.bed
../../final_demo_data/fl_12samples/out_data/DMR_CpG_context/out_map2chromSegment/2_chroms_all_mr_data_range_dmrRanking_combined_six_cells_chromatin_segment_min10_PF_merged_overlap1e-09.bed
../../final_demo_data/fl_12samples/out_data/DMR_CpG_context/out_map2chromSegment/2_chroms_all_mr_data_range_dmrRanking_combined_six_cells_chromatin_segment_min10_E_merged_overlap1e-09.bed
../../final_demo_data/fl_12samples/out_data/DMR_CpG_context/out_map2chromSegment/2_chroms_all_mr_data_range_dmrRanking_combined_six_cells_chromatin_segment_min10_CTCF_merged_overlap1e-09.bed
../../final_demo_data/fl_12samples/out_data/DMR_CpG_context/out_map2chromSegment/2_chroms_all_mr_data_range_dmrRanking_combined_six_cells_chromatin_segment_min10_T_merged_overlap1e-09.bed
../../final_demo_data/fl_12samples/out_data/DMR_CpG_context/out_map2chromSegment/2_chroms_all_mr_data_range_dmrRanking_combined_six_cells_chromatin_segment_min10_WE_merged_overlap1e-09.bed
Number of MR or DMR do not find mapped genome information
-574
-109
Perentage of MR or DMR mapped to genome info
0.691231845077999
0.8247588424437299
dmr_map2chromSegment - Done
../../final_demo_data/fl_12samples/out_data/DMR_CpG_context/out_map2chromSegment/2_chroms_all_mr_data_range_dmrRanking_combined_six_cells_chromatin_segment_min10_*.bed
LogReg_proba>= 0.8
../../final_demo_data/fl_12samples/out_data/DMR_CpG_context/out_map2chromSegment/2_chroms_all_mr_data_range_dmrRanking_combined_six_cells_chromatin_segment_min10_PF_merged_overlap1e-09.bed
PF (1,) (77,)
LogReg_proba>= 0.8
../../final_demo_data/fl_12samples/out_data/DMR_CpG_context/out_map2chromSegment/2_chroms_all_mr_data_range_dmrRanking_combined_six_cells_chromatin_segment_min10_CTCF_merged_overlap1e-09.bed
CTCF (1,) (170,)
LogReg_proba>= 0.8
../../final_demo_data/fl_12samples/out_data/DMR_CpG_context/out_map2chromSegment/2_chroms_all_mr_data_range_dmrRanking_combined_six_cells_chromatin_segment_min10_T_merged_overlap1e-09.bed
T (1,) (1145,)
LogReg_proba>= 0.8
../../final_demo_data/fl_12samples/out_data/DMR_CpG_context/out_map2chromSegment/2_chroms_all_mr_data_range_dmrRanking_combined_six_cells_chromatin_segment_min10_WE_merged_overlap1e-09.bed
WE (1,) (175,)
LogReg_proba>= 0.8
../../final_demo_data/fl_12samples/out_data/DMR_CpG_context/out_map2chromSegment/2_chroms_all_mr_data_range_dmrRanking_combined_six_cells_chromatin_segment_min10_E_merged_overlap1e-09.bed
E (1,) (165,)
LogReg_proba>= 0.8
../../final_demo_data/fl_12samples/out_data/DMR_CpG_context/out_map2chromSegment/2_chroms_all_mr_data_range_dmrRanking_combined_six_cells_chromatin_segment_min10_R_merged_overlap1e-09.bed
R (1,) (1271,)
LogReg_proba>= 0.8
../../final_demo_data/fl_12samples/out_data/DMR_CpG_context/out_map2chromSegment/2_chroms_all_mr_data_range_dmrRanking_combined_six_cells_chromatin_segment_min10_TSS_merged_overlap1e-09.bed
TSS (1,) (48,)
Export at:  ../../final_demo_data/fl_12samples/out_data/DMR_CpG_context/out_map2chromSegment/gcb_vs_tumor_DMR_hyper_hypo_mix_in_chromSeg_0.7.csv
dmr_cal2chromSegment_percent - Done
../../final_demo_data/fl_12samples/out_data/DMR_CpG_context/out_map2chromSegment/gcb_vs_tumor_DMR_hyper_hypo_mix_in_chromSeg_0.7.pdf
dmr_percent2plot - Done

Load parameter file:
../../final_demo_data/fl_12samples/out_data/DMR_CpG_context/2_chroms_all_mr_data_range_dmrRanking_parameter.bed
2_chroms_high_miniPercentChange_gt_0.0001_Pcutoff_0.05_isSmooth_2_isModTest_0_dmrRanking_top_0.78_minLogReg_proba_0.7
Input files minimum LogReg probability is  0.7

Load genome files: 
2_chroms_all_mr_data_range_dmrRanking_noGenes_5dist_Up1000000_Up5000removedShort_overlap1e-09.bed
2_chroms_all_mr_data_range_dmrRanking_intergenic_uniqueSorted_betweenTSS_TES_genes_minLen10_overlap1e-09.bed
2_chroms_all_mr_data_range_dmrRanking_noGenes_5dist_Down1000000_Down5000removedShort_overlap1e-09.bed
2_chroms_all_mr_data_range_dmrRanking_TSS_Up5000_Down1000_removedShort_overlap1e-09.bed
2_chroms_all_mr_data_range_dmrRanking_gene_Up5000_Down1000removedShort_overlap1e-09.bed
2_chroms_all_mr_data_range_dmrRanking_TES_Up5000_Down1000removedShort_overlap1e-09.bed

Load chromSegment files:
2_chroms_all_mr_data_range_dmrRanking_combined_six_cells_chromatin_segment_min10_PF_merged_overlap1e-09.bed
2_chroms_all_mr_data_range_dmrRanking_combined_six_cells_chromatin_segment_min10_CTCF_merged_overlap1e-09.bed
2_chroms_all_mr_data_range_dmrRanking_combined_six_cells_chromatin_segment_min10_T_merged_overlap1e-09.bed
2_chroms_all_mr_data_range_dmrRanking_combined_six_cells_chromatin_segment_min10_WE_merged_overlap1e-09.bed
2_chroms_all_mr_data_range_dmrRanking_combined_six_cells_chromatin_segment_min10_E_merged_overlap1e-09.bed
2_chroms_all_mr_data_range_dmrRanking_combined_six_cells_chromatin_segment_min10_R_merged_overlap1e-09.bed
2_chroms_all_mr_data_range_dmrRanking_combined_six_cells_chromatin_segment_min10_TSS_merged_overlap1e-09.bed

Data size:
(622, 5) logReg_proba>=0.7
(622, 5)

Number of parallel processes:
11
selected_dmr_sorted_df2_10.csv
selected_dmr_sorted_df2_9.csv
selected_dmr_sorted_df2_6.csv
selected_dmr_sorted_df2_8.csv
selected_dmr_sorted_df2_7.csv
selected_dmr_sorted_df2_2.csv
selected_dmr_sorted_df2_1.csv
selected_dmr_sorted_df2_5.csv
selected_dmr_sorted_df2_4.csv
selected_dmr_sorted_df2_3.csv
selected_dmr_sorted_df2_0.csv
Export all results at : 2_chroms_all_mr_data_range_dmrRanking_genome_chromSegment_info_ProbaGt_0.7.bed
dmr_combine2geneAnnot - Done

Job 7513511 consumed 8.9 billing hours from project nn4605k.

Submitted 2023-02-01T18:05:02; waited 2.0 seconds in the queue after becoming eligible to run.

Requested wallclock time: 15.0 hours
Elapsed wallclock time:   22.3 minutes

Task and CPU statistics:
ID             CPUs  Tasks  CPU util                Start   Elapsed  Exit status
7513511          15            0.0 %  2023-02-01T18:05:04  1340.0 s  0
7513511.batch    15      1   165.5 %  2023-02-01T18:05:04  1340.0 s  0

Used CPU time:   9.2 CPU hours
Unused CPU time: 0.0 CPU seconds

Memory statistics, in GiB:
ID              Alloc   Usage
7513511         225.0        
7513511.batch   225.0     1.4

Job 7513511 completed at Wed Feb 1 18:27:24 CET 2023
